<?xml version="1.0" encoding="UTF-8"?>
<!-- Generated by org.testng.reporters.JUnitXMLReporter -->
<testsuite ignored="1" hostname="Meenas-MacBook-Air.local" failures="0" tests="2" name="Test" time="68.78" errors="0" timestamp="2024-02-29T18:06:19 PST">
  <testcase classname="test3.GoogleSearchTest_TestNG2" name="GoogleSearch3" time="48.088"/>
  <testcase classname="test3.GoogleSearchTest_TestNG" name="GoogleSearch" time="56.383"/>
  <testcase classname="test3.GoogleSearchTest_TestNG2" name="GoogleSearch2" time="0.0">
    <ignored/>
  </testcase> <!-- GoogleSearch2 -->
</testsuite> <!-- Test -->
