<?xml version="1.0" encoding="UTF-8"?>
<!-- Generated by org.testng.reporters.JUnitXMLReporter -->
<testsuite ignored="0" hostname="Meenas-MacBook-Air.local" failures="0" tests="3" name="Default test" time="30.562" errors="0" timestamp="2024-03-02T22:58:18 PST">
  <testcase classname="utils.ExcelDataProvider" name="test1" time="11.543"/>
  <testcase classname="utils.ExcelDataProvider" name="test1" time="6.464"/>
  <testcase classname="utils.ExcelDataProvider" name="test1" time="4.965"/>
</testsuite> <!-- Default test -->
