<?xml version="1.0" encoding="UTF-8"?>
<testng-results ignored="0" total="3" passed="3" failed="0" skipped="0">
  <reporter-output>
  </reporter-output>
  <suite started-at="2024-03-02T22:57:47 PST" name="Default suite" finished-at="2024-03-02T22:58:18 PST" duration-ms="30562">
    <groups>
    </groups>
    <test started-at="2024-03-02T22:57:47 PST" name="Default test" finished-at="2024-03-02T22:58:18 PST" duration-ms="30562">
      <class name="utils.ExcelDataProvider">
        <test-method is-config="true" signature="setupTest()[pri:0, instance:utils.ExcelDataProvider@7c37508a]" started-at="2024-03-02T22:57:47 PST" name="setupTest" finished-at="2024-03-02T22:57:54 PST" duration-ms="6588" status="PASS">
          <reporter-output>
          </reporter-output>
        </test-method> <!-- setupTest -->
        <test-method signature="test1(java.lang.String,java.lang.String)[pri:0, instance:utils.ExcelDataProvider@7c37508a]" started-at="2024-03-02T22:57:54 PST" name="test1" data-provider="testdata1" finished-at="2024-03-02T22:58:06 PST" duration-ms="11543" status="PASS">
          <params>
            <param index="0">
              <value>
                <![CDATA[Meena]]>
              </value>
            </param>
            <param index="1">
              <value>
                <![CDATA[Karaikudi]]>
              </value>
            </param>
          </params>
          <reporter-output>
          </reporter-output>
        </test-method> <!-- test1 -->
        <test-method signature="test1(java.lang.String,java.lang.String)[pri:0, instance:utils.ExcelDataProvider@7c37508a]" started-at="2024-03-02T22:58:06 PST" name="test1" data-provider="testdata1" finished-at="2024-03-02T22:58:12 PST" duration-ms="6464" status="PASS">
          <params>
            <param index="0">
              <value>
                <![CDATA[Siddharth]]>
              </value>
            </param>
            <param index="1">
              <value>
                <![CDATA[Bangalore]]>
              </value>
            </param>
          </params>
          <reporter-output>
          </reporter-output>
        </test-method> <!-- test1 -->
        <test-method signature="test1(java.lang.String,java.lang.String)[pri:0, instance:utils.ExcelDataProvider@7c37508a]" started-at="2024-03-02T22:58:12 PST" name="test1" data-provider="testdata1" finished-at="2024-03-02T22:58:17 PST" duration-ms="4965" status="PASS">
          <params>
            <param index="0">
              <value>
                <![CDATA[Thambi]]>
              </value>
            </param>
            <param index="1">
              <value>
                <![CDATA[Chennai]]>
              </value>
            </param>
          </params>
          <reporter-output>
          </reporter-output>
        </test-method> <!-- test1 -->
        <test-method is-config="true" signature="tearDownTest()[pri:0, instance:utils.ExcelDataProvider@7c37508a]" started-at="2024-03-02T22:58:17 PST" name="tearDownTest" finished-at="2024-03-02T22:58:18 PST" duration-ms="275" status="PASS">
          <reporter-output>
          </reporter-output>
        </test-method> <!-- tearDownTest -->
      </class> <!-- utils.ExcelDataProvider -->
    </test> <!-- Default test -->
  </suite> <!-- Default suite -->
</testng-results>
